2019-05-17 06:53:10,524 [WARN] warn
2019-05-17 06:53:10,525 [INFO] info
2019-05-17 06:53:52,504 [WARN] warn
2019-05-17 06:53:52,504 [INFO] info
2019-05-17 06:54:06,481 [WARN] warn
2019-05-17 06:54:06,481 [INFO] info
2019-05-17 06:59:11,984 [WARN] warn
2019-05-17 06:59:11,984 [INFO] info
2019-05-17 07:10:01,930 [WARN] warn
2019-05-17 07:10:01,930 [INFO] info
2019-05-17 07:10:31,627 [WARN] warn
2019-05-17 07:10:31,628 [INFO] info
2019-05-17 07:12:58,629 [WARN] warn
2019-05-17 07:12:58,630 [INFO] info
2019-05-17 07:14:00,949 [WARN] warn
2019-05-17 07:14:00,949 [INFO] info
2019-05-17 07:14:16,029 [WARN] warn
2019-05-17 07:14:16,029 [INFO] info
2019-05-17 07:16:31,043 [WARN] warn
2019-05-17 07:16:31,043 [INFO] info
2019-05-17 07:31:01,896 [WARN] warn
2019-05-17 07:31:01,896 [INFO] info
2019-05-17 07:31:33,872 [WARN] warn
2019-05-17 07:31:33,872 [INFO] info
2019-05-17 07:31:46,439 [WARN] warn
2019-05-17 07:31:46,439 [INFO] info
2019-05-17 07:33:04,222 [WARN] warn
2019-05-17 07:33:04,222 [INFO] info
2019-05-17 07:40:11,432 [WARN] warn
2019-05-17 07:40:11,432 [INFO] info
2019-05-17 07:42:21,569 [WARN] warn
2019-05-17 07:42:21,570 [INFO] info
2019-05-17 07:45:40,588 [WARN] warn
2019-05-17 07:45:40,588 [INFO] info
2019-05-17 07:47:32,875 [WARN] warn
2019-05-17 07:47:32,876 [INFO] info
2019-05-17 07:52:17,837 [WARN] warn
2019-05-17 07:52:17,837 [INFO] info
2019-05-17 08:04:08,566 [INFO] Info str1 in Log.cc,line 93,func main
2019-05-17 08:05:03,463 [INFO] Info a in Log.cc,line 93,func main
2019-05-17 08:05:28,719 [INFO] Info xxxxxxxxxxx in Log.cc,line 93,func main
2019-05-17 08:05:51,496 [INFO] Info insert info in Log.cc,line 93,func main
2019-05-17 08:06:07,728 [INFO] Info insert info in Log.cc,line 93,func main
2019-05-17 08:06:07,728 [INFO] Info insert info in Log.cc,line 94,func main
2019-05-17 08:06:28,000 [INFO] Info insert info in Log.cc,line 94,func main
2019-05-17 08:07:56,731 [INFO] Info insert info in Log.cc,line 94,func main
2019-05-17 08:07:59,065 [INFO] Info insert info in Log.cc,line 94,func main
2019-05-17 08:07:59,066 [INFO] Info insert info in Log.cc,line 95,func main
2019-05-17 08:08:13,305 [INFO] Info insert info in Log.cc,line 93,func main
2019-05-17 08:08:13,306 [INFO] Info insert info in Log.cc,line 94,func main
2019-05-17 08:10:11,325 [INFO] Info insert info in Log.cc,line 111,func main
2019-05-17 08:10:11,325 [INFO] Info insert info in Log.cc,line 112,func main
2019-05-17 08:10:11,326 [INFO] Debug insert debug in Log.cc,line 113,func main
2019-05-17 08:10:58,443 [INFO] Info insert info in Log.cc,line 111,func main
2019-05-17 08:10:58,443 [INFO] Info insert info in Log.cc,line 112,func main
2019-05-17 08:10:58,443 [DEBUG] Debug insert debug in Log.cc,line 113,func main
